<?xml version="1.0" encoding="UTF-8"?>
<testng-results ignored="0" total="2" passed="2" failed="0" skipped="0">
  <reporter-output>
  </reporter-output>
  <suite started-at="2021-02-02T08:44:10 IST" name="Default suite" finished-at="2021-02-02T08:44:29 IST" duration-ms="19149">
    <groups>
    </groups>
    <test started-at="2021-02-02T08:44:10 IST" name="Default test" finished-at="2021-02-02T08:44:29 IST" duration-ms="19149">
      <class name="com.pom.LoginGmailPageTest">
        <test-method signature="verifyValidLogin()[pri:1, instance:com.pom.LoginGmailPageTest@2a4fb17b]" started-at="2021-02-02T08:44:10 IST" name="verifyValidLogin" finished-at="2021-02-02T08:44:29 IST" duration-ms="19090" status="PASS">
          <reporter-output>
          </reporter-output>
        </test-method> <!-- verifyValidLogin -->
        <test-method signature="gmailtitletest()[pri:2, instance:com.pom.LoginGmailPageTest@2a4fb17b]" started-at="2021-02-02T08:44:29 IST" name="gmailtitletest" finished-at="2021-02-02T08:44:29 IST" duration-ms="14" status="PASS">
          <reporter-output>
          </reporter-output>
        </test-method> <!-- gmailtitletest -->
      </class> <!-- com.pom.LoginGmailPageTest -->
    </test> <!-- Default test -->
  </suite> <!-- Default suite -->
</testng-results>
